2014-10-13 13:33:24.333 Ricepo[69676:13190960] DiskCookieStorage changing policy from 2 to 0, cookie file: file:///Users/aressera/Library/Developer/CoreSimulator/Devices/9C7534FE-B775-4F93-AF43-29E22D3A561C/data/Containers/Data/Application/7E5602A8-5EC2-40B5-B70E-48B87FCA0D22/Library/Cookies/Cookies.binarycookies
2014-10-13 13:33:24.474 Ricepo[69676:13190960] Multi-tasking -> Device: YES, App: YES
2014-10-13 13:33:24.495 Ricepo[69676:13190960] Unlimited access to network resources
2014-10-13 13:33:24.500 Ricepo[69676:13190960] 

Started backup to iCloud! Please be careful.
Your application might rejected by Apple if you store too much data.
For more information please read "iOS Data Storage Guidelines"
You could find it at the following address https://developer.apple.com/icloud/documentation/data-storage/ .

2014-10-13 13:33:25.575 Ricepo[69676:13190960] Resetting plugins due to page load.
2014-10-13 13:33:25.874 Ricepo[69676:13190960] Finished load of: file:///Users/aressera/Library/Developer/CoreSimulator/Devices/9C7534FE-B775-4F93-AF43-29E22D3A561C/data/Containers/Bundle/Application/D05AE795-3B40-41A8-824C-97D69986241C/ricepo.app/www/index.html
2014-10-13 13:36:37.339 Ricepo[70076:13193893] DiskCookieStorage changing policy from 2 to 0, cookie file: file:///Users/aressera/Library/Developer/CoreSimulator/Devices/9C7534FE-B775-4F93-AF43-29E22D3A561C/data/Containers/Data/Application/6BD38DF9-582A-4688-965D-C042CE249ED3/Library/Cookies/Cookies.binarycookies
2014-10-13 13:36:37.399 Ricepo[70076:13193893] Multi-tasking -> Device: YES, App: YES
2014-10-13 13:36:37.404 Ricepo[70076:13193893] Unlimited access to network resources
2014-10-13 13:36:37.405 Ricepo[70076:13193893] 

Started backup to iCloud! Please be careful.
Your application might rejected by Apple if you store too much data.
For more information please read "iOS Data Storage Guidelines"
You could find it at the following address https://developer.apple.com/icloud/documentation/data-storage/ .

2014-10-13 13:36:37.585 Ricepo[70076:13193893] Resetting plugins due to page load.
2014-10-13 13:36:37.737 Ricepo[70076:13193893] Finished load of: file:///Users/aressera/Library/Developer/CoreSimulator/Devices/9C7534FE-B775-4F93-AF43-29E22D3A561C/data/Containers/Bundle/Application/3563F678-C918-4D25-A1DF-03590B438DFA/ricepo.app/www/index.html
2014-10-13 16:37:47.719 Ricepo[73536:13274987] DiskCookieStorage changing policy from 2 to 0, cookie file: file:///Users/aressera/Library/Developer/CoreSimulator/Devices/9C7534FE-B775-4F93-AF43-29E22D3A561C/data/Containers/Data/Application/059D4904-E3EE-4206-90FC-1428654E1806/Library/Cookies/Cookies.binarycookies
2014-10-13 16:37:47.810 Ricepo[73536:13274987] Multi-tasking -> Device: YES, App: YES
2014-10-13 16:37:47.818 Ricepo[73536:13274987] Unlimited access to network resources
2014-10-13 16:37:47.821 Ricepo[73536:13274987] 

Started backup to iCloud! Please be careful.
Your application might rejected by Apple if you store too much data.
For more information please read "iOS Data Storage Guidelines"
You could find it at the following address https://developer.apple.com/icloud/documentation/data-storage/ .

2014-10-13 16:37:48.070 Ricepo[73536:13274987] Resetting plugins due to page load.
2014-10-13 16:37:48.277 Ricepo[73536:13274987] Finished load of: file:///Users/aressera/Library/Developer/CoreSimulator/Devices/9C7534FE-B775-4F93-AF43-29E22D3A561C/data/Containers/Bundle/Application/A6179AF6-6BFF-4F00-A0F6-E437178C9952/ricepo.app/www/index.html
2014-10-14 09:07:18.680 Ricepo[78408:13485585] DiskCookieStorage changing policy from 2 to 0, cookie file: file:///Users/aressera/Library/Developer/CoreSimulator/Devices/9C7534FE-B775-4F93-AF43-29E22D3A561C/data/Containers/Data/Application/99E2A01C-89E9-4612-8E2D-8918227AD9A9/Library/Cookies/Cookies.binarycookies
2014-10-14 09:07:18.818 Ricepo[78408:13485585] Multi-tasking -> Device: YES, App: YES
2014-10-14 09:07:18.826 Ricepo[78408:13485585] Unlimited access to network resources
2014-10-14 09:07:18.828 Ricepo[78408:13485585] 

Started backup to iCloud! Please be careful.
Your application might rejected by Apple if you store too much data.
For more information please read "iOS Data Storage Guidelines"
You could find it at the following address https://developer.apple.com/icloud/documentation/data-storage/ .

2014-10-14 09:07:19.053 Ricepo[78408:13485585] Resetting plugins due to page load.
2014-10-14 09:07:19.203 Ricepo[78408:13485585] Finished load of: file:///Users/aressera/Library/Developer/CoreSimulator/Devices/9C7534FE-B775-4F93-AF43-29E22D3A561C/data/Containers/Bundle/Application/DB06FA14-4521-4C05-ADE4-E129D4C4EC85/ricepo.app/www/index.html
